<?xml version="1.0" encoding="UTF-8"?>
<testsuite xmlns:xsi="http://www.w3.org/2001/XMLSchema-instance" xsi:noNamespaceSchemaLocation="https://maven.apache.org/surefire/maven-surefire-plugin/xsd/surefire-test-report-3.0.xsd" version="3.0" name="fr.imt.coffee.machine.component.WaterPumpTest" time="4.013" tests="2" errors="0" skipped="0" failures="0">
  <properties>
    <property name="java.specification.version" value="21"/>
    <property name="sun.cpu.isalist" value="amd64"/>
    <property name="sun.jnu.encoding" value="Cp1252"/>
    <property name="java.class.path" value="C:\Users\amaur\Desktop\Cours EMA\2IA\S9\qualite\cours-qualite-2024-1\coffee-machine\main-module\target\test-classes;C:\Users\amaur\Desktop\Cours EMA\2IA\S9\qualite\cours-qualite-2024-1\coffee-machine\main-module\target\classes;C:\Users\amaur\.m2\repository\org\junit\jupiter\junit-jupiter-api\5.9.1\junit-jupiter-api-5.9.1.jar;C:\Users\amaur\.m2\repository\org\opentest4j\opentest4j\1.2.0\opentest4j-1.2.0.jar;C:\Users\amaur\.m2\repository\org\junit\platform\junit-platform-commons\1.9.1\junit-platform-commons-1.9.1.jar;C:\Users\amaur\.m2\repository\org\apiguardian\apiguardian-api\1.1.2\apiguardian-api-1.1.2.jar;C:\Users\amaur\.m2\repository\org\junit\vintage\junit-vintage-engine\5.9.1\junit-vintage-engine-5.9.1.jar;C:\Users\amaur\.m2\repository\org\junit\platform\junit-platform-engine\1.9.1\junit-platform-engine-1.9.1.jar;C:\Users\amaur\.m2\repository\junit\junit\4.13.2\junit-4.13.2.jar;C:\Users\amaur\.m2\repository\org\hamcrest\hamcrest-core\1.3\hamcrest-core-1.3.jar;C:\Users\amaur\.m2\repository\org\mockito\mockito-core\4.8.0\mockito-core-4.8.0.jar;C:\Users\amaur\.m2\repository\net\bytebuddy\byte-buddy\1.12.14\byte-buddy-1.12.14.jar;C:\Users\amaur\.m2\repository\net\bytebuddy\byte-buddy-agent\1.12.14\byte-buddy-agent-1.12.14.jar;C:\Users\amaur\.m2\repository\org\objenesis\objenesis\3.2\objenesis-3.2.jar;C:\Users\amaur\.m2\repository\org\hamcrest\hamcrest\2.2\hamcrest-2.2.jar;C:\Users\amaur\.m2\repository\io\cucumber\cucumber-java\7.8.1\cucumber-java-7.8.1.jar;C:\Users\amaur\.m2\repository\io\cucumber\cucumber-core\7.8.1\cucumber-core-7.8.1.jar;C:\Users\amaur\.m2\repository\io\cucumber\cucumber-gherkin\7.8.1\cucumber-gherkin-7.8.1.jar;C:\Users\amaur\.m2\repository\io\cucumber\cucumber-gherkin-messages\7.8.1\cucumber-gherkin-messages-7.8.1.jar;C:\Users\amaur\.m2\repository\io\cucumber\gherkin\24.0.0\gherkin-24.0.0.jar;C:\Users\amaur\.m2\repository\io\cucumber\messages\19.1.4\messages-19.1.4.jar;C:\Users\amaur\.m2\repository\io\cucumber\tag-expressions\4.1.0\tag-expressions-4.1.0.jar;C:\Users\amaur\.m2\repository\io\cucumber\cucumber-expressions\16.0.0\cucumber-expressions-16.0.0.jar;C:\Users\amaur\.m2\repository\io\cucumber\datatable\7.8.1\datatable-7.8.1.jar;C:\Users\amaur\.m2\repository\io\cucumber\cucumber-plugin\7.8.1\cucumber-plugin-7.8.1.jar;C:\Users\amaur\.m2\repository\io\cucumber\docstring\7.8.1\docstring-7.8.1.jar;C:\Users\amaur\.m2\repository\io\cucumber\html-formatter\20.1.0\html-formatter-20.1.0.jar;C:\Users\amaur\.m2\repository\io\cucumber\ci-environment\9.1.0\ci-environment-9.1.0.jar;C:\Users\amaur\.m2\repository\io\cucumber\cucumber-junit\7.8.1\cucumber-junit-7.8.1.jar;C:\Users\amaur\.m2\repository\org\apache\logging\log4j\log4j-core\2.20.0\log4j-core-2.20.0.jar;C:\Users\amaur\.m2\repository\org\apache\logging\log4j\log4j-api\2.20.0\log4j-api-2.20.0.jar;C:\Users\amaur\Desktop\Cours EMA\2IA\S9\qualite\cours-qualite-2024-1\coffee-machine\storage\target\storage-1.0-SNAPSHOT.jar;"/>
    <property name="java.vm.vendor" value="Oracle Corporation"/>
    <property name="sun.arch.data.model" value="64"/>
    <property name="user.variant" value=""/>
    <property name="java.vendor.url" value="https://java.oracle.com/"/>
    <property name="user.timezone" value="Europe/Paris"/>
    <property name="os.name" value="Windows 11"/>
    <property name="java.vm.specification.version" value="21"/>
    <property name="sun.java.launcher" value="SUN_STANDARD"/>
    <property name="user.country" value="FR"/>
    <property name="sun.boot.library.path" value="C:\Program Files\Java\jdk-21\bin"/>
    <property name="sun.java.command" value="C:\Users\amaur\AppData\Local\Temp\surefire7183005254121420753\surefirebooter-20241223183551075_6.jar C:\Users\amaur\AppData\Local\Temp\surefire7183005254121420753 2024-12-23T18-35-42_697-jvmRun1 surefire-20241223183551075_4tmp surefire_1-20241223183551075_5tmp"/>
    <property name="jdk.debug" value="release"/>
    <property name="surefire.test.class.path" value="C:\Users\amaur\Desktop\Cours EMA\2IA\S9\qualite\cours-qualite-2024-1\coffee-machine\main-module\target\test-classes;C:\Users\amaur\Desktop\Cours EMA\2IA\S9\qualite\cours-qualite-2024-1\coffee-machine\main-module\target\classes;C:\Users\amaur\.m2\repository\org\junit\jupiter\junit-jupiter-api\5.9.1\junit-jupiter-api-5.9.1.jar;C:\Users\amaur\.m2\repository\org\opentest4j\opentest4j\1.2.0\opentest4j-1.2.0.jar;C:\Users\amaur\.m2\repository\org\junit\platform\junit-platform-commons\1.9.1\junit-platform-commons-1.9.1.jar;C:\Users\amaur\.m2\repository\org\apiguardian\apiguardian-api\1.1.2\apiguardian-api-1.1.2.jar;C:\Users\amaur\.m2\repository\org\junit\vintage\junit-vintage-engine\5.9.1\junit-vintage-engine-5.9.1.jar;C:\Users\amaur\.m2\repository\org\junit\platform\junit-platform-engine\1.9.1\junit-platform-engine-1.9.1.jar;C:\Users\amaur\.m2\repository\junit\junit\4.13.2\junit-4.13.2.jar;C:\Users\amaur\.m2\repository\org\hamcrest\hamcrest-core\1.3\hamcrest-core-1.3.jar;C:\Users\amaur\.m2\repository\org\mockito\mockito-core\4.8.0\mockito-core-4.8.0.jar;C:\Users\amaur\.m2\repository\net\bytebuddy\byte-buddy\1.12.14\byte-buddy-1.12.14.jar;C:\Users\amaur\.m2\repository\net\bytebuddy\byte-buddy-agent\1.12.14\byte-buddy-agent-1.12.14.jar;C:\Users\amaur\.m2\repository\org\objenesis\objenesis\3.2\objenesis-3.2.jar;C:\Users\amaur\.m2\repository\org\hamcrest\hamcrest\2.2\hamcrest-2.2.jar;C:\Users\amaur\.m2\repository\io\cucumber\cucumber-java\7.8.1\cucumber-java-7.8.1.jar;C:\Users\amaur\.m2\repository\io\cucumber\cucumber-core\7.8.1\cucumber-core-7.8.1.jar;C:\Users\amaur\.m2\repository\io\cucumber\cucumber-gherkin\7.8.1\cucumber-gherkin-7.8.1.jar;C:\Users\amaur\.m2\repository\io\cucumber\cucumber-gherkin-messages\7.8.1\cucumber-gherkin-messages-7.8.1.jar;C:\Users\amaur\.m2\repository\io\cucumber\gherkin\24.0.0\gherkin-24.0.0.jar;C:\Users\amaur\.m2\repository\io\cucumber\messages\19.1.4\messages-19.1.4.jar;C:\Users\amaur\.m2\repository\io\cucumber\tag-expressions\4.1.0\tag-expressions-4.1.0.jar;C:\Users\amaur\.m2\repository\io\cucumber\cucumber-expressions\16.0.0\cucumber-expressions-16.0.0.jar;C:\Users\amaur\.m2\repository\io\cucumber\datatable\7.8.1\datatable-7.8.1.jar;C:\Users\amaur\.m2\repository\io\cucumber\cucumber-plugin\7.8.1\cucumber-plugin-7.8.1.jar;C:\Users\amaur\.m2\repository\io\cucumber\docstring\7.8.1\docstring-7.8.1.jar;C:\Users\amaur\.m2\repository\io\cucumber\html-formatter\20.1.0\html-formatter-20.1.0.jar;C:\Users\amaur\.m2\repository\io\cucumber\ci-environment\9.1.0\ci-environment-9.1.0.jar;C:\Users\amaur\.m2\repository\io\cucumber\cucumber-junit\7.8.1\cucumber-junit-7.8.1.jar;C:\Users\amaur\.m2\repository\org\apache\logging\log4j\log4j-core\2.20.0\log4j-core-2.20.0.jar;C:\Users\amaur\.m2\repository\org\apache\logging\log4j\log4j-api\2.20.0\log4j-api-2.20.0.jar;C:\Users\amaur\Desktop\Cours EMA\2IA\S9\qualite\cours-qualite-2024-1\coffee-machine\storage\target\storage-1.0-SNAPSHOT.jar;"/>
    <property name="sun.cpu.endian" value="little"/>
    <property name="user.home" value="C:\Users\amaur"/>
    <property name="user.language" value="fr"/>
    <property name="java.specification.vendor" value="Oracle Corporation"/>
    <property name="java.version.date" value="2024-10-15"/>
    <property name="java.home" value="C:\Program Files\Java\jdk-21"/>
    <property name="file.separator" value="\"/>
    <property name="basedir" value="C:\Users\amaur\Desktop\Cours EMA\2IA\S9\qualite\cours-qualite-2024-1\coffee-machine\main-module"/>
    <property name="java.vm.compressedOopsMode" value="Zero based"/>
    <property name="line.separator" value="&#10;"/>
    <property name="java.vm.specification.vendor" value="Oracle Corporation"/>
    <property name="java.specification.name" value="Java Platform API Specification"/>
    <property name="surefire.real.class.path" value="C:\Users\amaur\AppData\Local\Temp\surefire7183005254121420753\surefirebooter-20241223183551075_6.jar"/>
    <property name="user.script" value=""/>
    <property name="sun.management.compiler" value="HotSpot 64-Bit Tiered Compilers"/>
    <property name="java.runtime.version" value="21.0.5+9-LTS-239"/>
    <property name="user.name" value="amaur"/>
    <property name="stdout.encoding" value="Cp1252"/>
    <property name="path.separator" value=";"/>
    <property name="os.version" value="10.0"/>
    <property name="java.runtime.name" value="Java(TM) SE Runtime Environment"/>
    <property name="file.encoding" value="UTF-8"/>
    <property name="java.vm.name" value="Java HotSpot(TM) 64-Bit Server VM"/>
    <property name="localRepository" value="C:\Users\amaur\.m2\repository"/>
    <property name="java.vendor.url.bug" value="https://bugreport.java.com/bugreport/"/>
    <property name="java.io.tmpdir" value="C:\Users\amaur\AppData\Local\Temp\"/>
    <property name="java.version" value="21.0.5"/>
    <property name="user.dir" value="C:\Users\amaur\Desktop\Cours EMA\2IA\S9\qualite\cours-qualite-2024-1\coffee-machine\main-module"/>
    <property name="os.arch" value="amd64"/>
    <property name="java.vm.specification.name" value="Java Virtual Machine Specification"/>
    <property name="sun.os.patch.level" value=""/>
    <property name="native.encoding" value="Cp1252"/>
    <property name="java.library.path" value="C:\Program Files\Java\jdk-21\bin;C:\WINDOWS\Sun\Java\bin;C:\WINDOWS\system32;C:\WINDOWS;C:\Users\amaur\AppData\Local\fnm_multishells\16576_1734443240168;C:\Users\amaur\Anaconda3;C:\Users\amaur\Anaconda3\Library\mingw-w64\bin;C:\Users\amaur\Anaconda3\Library\usr\bin;C:\Users\amaur\Anaconda3\Library\bin;C:\Users\amaur\Anaconda3\Scripts;C:\Users\amaur\Anaconda3\bin;C:\Users\amaur\Anaconda3\condabin;C:\Program Files\Common Files\Oracle\Java\javapath;C:\Program Files (x86)\Common Files\Oracle\Java\java8path;C:\Program Files (x86)\Common Files\Oracle\Java\javapath;C:\Program Files (x86)\Common Files\Intel\Shared Libraries\redist\intel64\compiler;C:\Program Files\Java\Zulu\bin;C:\Program Files\Java\jre1.8.0_351\bin;C:\WINDOWS\system32;C:\WINDOWS;C:\WINDOWS\System32\Wbem;C:\WINDOWS\System32\WindowsPowerShell\v1.0;C:\WINDOWS\System32\OpenSSH;C:\Program Files\MATLAB\R2023b\bin;C:\MinGW\bin;C:\Program Files\Docker\Docker\resources\bin;C:\Program Files\nodejs;C:\Program Files\Git\cmd;C:\Program Files\MySQL\MySQL Shell 8.0\bin;C:\Users\amaur\AppData\Local\Microsoft\WindowsApps;C:\scr\flutter\bin;C:\Users\amaur\AppData\Local\Programs\Microsoft VS Code\bin;C:\Users\amaur\AppData\Local\Microsoft\WinGet\Links;C:\Users\amaur\AppData\Roaming\npm;C:\Program Files\Maven\apache-maven-3.9.9\bin;C:\Gradle\gradle-8.10.2-all\gradle-8.10.2\bin;.;c:\Users\amaur\AppData\Roaming\Code\User\globalStorage\github.copilot-chat\debugCommand;."/>
    <property name="java.vm.info" value="mixed mode, sharing"/>
    <property name="stderr.encoding" value="Cp1252"/>
    <property name="java.vendor" value="Oracle Corporation"/>
    <property name="java.vm.version" value="21.0.5+9-LTS-239"/>
    <property name="sun.io.unicode.encoding" value="UnicodeLittle"/>
    <property name="java.class.version" value="65.0"/>
  </properties>
  <testcase name="testPumpWaterWithHamcrest" classname="fr.imt.coffee.machine.component.WaterPumpTest" time="2.008">
    <system-out><![CDATA[18:36:35.266 [main] INFO  fr.imt.coffee.machine.component.WaterPump - Pumping time : 2000.0
18:36:35.266 [main] INFO  fr.imt.coffee.machine.component.WaterPump - Pumping...
18:36:37.274 [main] INFO  fr.imt.coffee.machine.component.WaterPump - Pumping OK
]]></system-out>
  </testcase>
  <testcase name="testPumpWaterWithJUnit" classname="fr.imt.coffee.machine.component.WaterPumpTest" time="2.005">
    <system-out><![CDATA[18:36:37.277 [main] INFO  fr.imt.coffee.machine.component.WaterPump - Pumping time : 2000.0
18:36:37.277 [main] INFO  fr.imt.coffee.machine.component.WaterPump - Pumping...
18:36:39.279 [main] INFO  fr.imt.coffee.machine.component.WaterPump - Pumping OK
]]></system-out>
  </testcase>
</testsuite>